2024-10-31 00:01:06,272 - combined_logger - INFO - This is an info message
2024-10-31 00:01:06,835 - combined_logger - DEBUG - This is a debug message
2024-10-31 00:02:10,250 - combined_logger - INFO - This is an info message
2024-10-31 00:02:10,846 - combined_logger - DEBUG - This is a debug message
2024-10-31 00:09:42,156 - combined_logger - INFO - This is an info message
2024-10-31 00:09:42,158 - combined_logger - DEBUG - This is a debug message
2024-10-31 00:09:52,424 - combined_logger - INFO - This is an info message
2024-10-31 00:09:52,968 - combined_logger - DEBUG - This is a debug message
2024-10-31 00:12:02,956 - combined_logger - INFO - This is an info message
2024-10-31 00:12:03,506 - combined_logger - DEBUG - This is a debug message
2024-10-31 00:14:20,849 - combined_logger - INFO - This is an info message
2024-10-31 00:14:20,849 - combined_logger - DEBUG - This is a debug message
2024-10-31 00:14:32,020 - combined_logger - INFO - This is an info message
2024-10-31 00:14:32,021 - combined_logger - DEBUG - This is a debug message
2024-10-31 00:15:20,323 - combined_logger - INFO - This is an info message
2024-10-31 00:15:20,324 - combined_logger - DEBUG - This is a debug message
2024-10-31 00:15:31,102 - combined_logger - INFO - This is an info message
2024-10-31 00:15:31,102 - combined_logger - DEBUG - This is a debug message
2024-10-31 00:15:39,630 - combined_logger - INFO - This is an info message
2024-10-31 00:15:39,630 - combined_logger - DEBUG - This is a debug message
2024-10-31 00:16:07,808 - combined_logger - INFO - This is an info message
2024-10-31 00:16:08,315 - combined_logger - DEBUG - This is a debug message
2024-10-31 00:18:38,160 - combined_logger - INFO - server.py - This is an info message
2024-10-31 00:18:38,726 - combined_logger - DEBUG - server.py - This is a debug message
2024-10-31 00:19:26,379 - server_logger - INFO - server.py - This is an info message
2024-10-31 00:19:26,926 - server_logger - DEBUG - server.py - This is a debug message
2024-10-31 00:20:18,958 - server.py - INFO - This is an info message
2024-10-31 00:20:19,496 - server.py - DEBUG - This is a debug message
